Script started: 2025-05-08 13:21:07
REQUEST_METHOD: POST
Config file path: C:\Users\madli\AinoJump\backend\accounts/../config/database.php
Config file exists: No
ERROR: Database configuration file not found
Stack trace: #0 {main}
Script ended: 2025-05-08 13:21:07

Script started: 2025-05-08 13:23:43
REQUEST_METHOD: POST
Config file path: C:\Users\madli\AinoJump\backend\accounts/../database.php
Config file exists: Yes
Database config loaded
Database connection variable not set
ERROR: Database connection variable not set
Stack trace: #0 {main}
Script ended: 2025-05-08 13:23:43

Script started: 2025-05-08 13:23:45
REQUEST_METHOD: POST
Config file path: C:\Users\madli\AinoJump\backend\accounts/../database.php
Config file exists: Yes
Database config loaded
Database connection variable not set
ERROR: Database connection variable not set
Stack trace: #0 {main}
Script ended: 2025-05-08 13:23:45

Script started: 2025-05-08 13:23:54
REQUEST_METHOD: POST
Config file path: C:\Users\madli\AinoJump\backend\accounts/../database.php
Config file exists: Yes
Database config loaded
Database connection variable not set
ERROR: Database connection variable not set
Stack trace: #0 {main}
Script ended: 2025-05-08 13:23:54

Script started: 2025-05-08 13:27:30
REQUEST_METHOD: POST
Config file path: C:\Users\madli\AinoJump\backend\accounts/../database.php
Config file exists: Yes
Database class loaded
Database connected successfully
Raw input: {"email":"madlireiljan@gmail.com"}
Processing email: madlireiljan@gmail.com
ERROR: SQLSTATE[42S02]: Base table or view not found: 1146 Table 'ainojump.kasutaja' doesn't exist
Stack trace: #0 C:\Users\madli\AinoJump\backend\accounts\forgot_password.php(79): PDOStatement->execute()
#1 {main}
Script ended: 2025-05-08 13:27:30

Script started: 2025-05-08 13:27:31
REQUEST_METHOD: POST
Config file path: C:\Users\madli\AinoJump\backend\accounts/../database.php
Config file exists: Yes
Database class loaded
Database connected successfully
Raw input: {"email":"madlireiljan@gmail.com"}
Processing email: madlireiljan@gmail.com
ERROR: SQLSTATE[42S02]: Base table or view not found: 1146 Table 'ainojump.kasutaja' doesn't exist
Stack trace: #0 C:\Users\madli\AinoJump\backend\accounts\forgot_password.php(79): PDOStatement->execute()
#1 {main}
Script ended: 2025-05-08 13:27:31

Script started: 2025-05-08 13:27:32
REQUEST_METHOD: POST
Config file path: C:\Users\madli\AinoJump\backend\accounts/../database.php
Config file exists: Yes
Database class loaded
Database connected successfully
Raw input: {"email":"madlireiljan@gmail.com"}
Processing email: madlireiljan@gmail.com
ERROR: SQLSTATE[42S02]: Base table or view not found: 1146 Table 'ainojump.kasutaja' doesn't exist
Stack trace: #0 C:\Users\madli\AinoJump\backend\accounts\forgot_password.php(79): PDOStatement->execute()
#1 {main}
Script ended: 2025-05-08 13:27:32

Script started: 2025-05-08 13:27:32
REQUEST_METHOD: POST
Config file path: C:\Users\madli\AinoJump\backend\accounts/../database.php
Config file exists: Yes
Database class loaded
Database connected successfully
Raw input: {"email":"madlireiljan@gmail.com"}
Processing email: madlireiljan@gmail.com
ERROR: SQLSTATE[42S02]: Base table or view not found: 1146 Table 'ainojump.kasutaja' doesn't exist
Stack trace: #0 C:\Users\madli\AinoJump\backend\accounts\forgot_password.php(79): PDOStatement->execute()
#1 {main}
Script ended: 2025-05-08 13:27:32

Script started: 2025-05-08 13:27:32
REQUEST_METHOD: POST
Config file path: C:\Users\madli\AinoJump\backend\accounts/../database.php
Config file exists: Yes
Database class loaded
Database connected successfully
Raw input: {"email":"madlireiljan@gmail.com"}
Processing email: madlireiljan@gmail.com
ERROR: SQLSTATE[42S02]: Base table or view not found: 1146 Table 'ainojump.kasutaja' doesn't exist
Stack trace: #0 C:\Users\madli\AinoJump\backend\accounts\forgot_password.php(79): PDOStatement->execute()
#1 {main}
Script ended: 2025-05-08 13:27:32

Script started: 2025-05-08 13:27:37
REQUEST_METHOD: POST
Config file path: C:\Users\madli\AinoJump\backend\accounts/../database.php
Config file exists: Yes
Database class loaded
Database connected successfully
Raw input: {"email":"madlireiljan@gmail.com"}
Processing email: madlireiljan@gmail.com
ERROR: SQLSTATE[42S02]: Base table or view not found: 1146 Table 'ainojump.kasutaja' doesn't exist
Stack trace: #0 C:\Users\madli\AinoJump\backend\accounts\forgot_password.php(79): PDOStatement->execute()
#1 {main}
Script ended: 2025-05-08 13:27:37

Script started: 2025-05-08 13:31:01
REQUEST_METHOD: POST
Config file path: C:\Users\madli\AinoJump\backend\accounts/../database.php
Config file exists: Yes
Database class loaded
Database connected successfully
Raw input: {"email":"madlireiljan@gmail.com"}
Processing email: madlireiljan@gmail.com
Reset token generated for user 4: 844b4cc2cb2abaef1dbdc3e90414ce04e64a277c1f90c3300f3401aeb1fd7503
Script ended: 2025-05-08 13:31:01

Script started: 2025-05-08 13:36:39
REQUEST_METHOD: POST
Config file path: C:\Users\madli\AinoJump\backend\accounts/../database.php
Config file exists: Yes
Database class loaded
Database connected successfully
Raw input: {"email":"madlireiljan@gmail.com"}
Processing email: madlireiljan@gmail.com
Failed to send reset email to: madlireiljan@gmail.com
Email details:
To: madlireiljan@gmail.com
Subject: Password Reset for AinoJump
Content: Hello,

You have requested to reset your password. Please click the link below to set a new password:

http://localhost:3000/reset-password?token=8fe50da418bef65d3dcf6255e9283ec2899f7c276114d5107f58ffd33d4a0692

This link will expire in 24 hours.

If you did not request a password reset, please ignore this email.

Regards,
AinoJump Team
Reset link for development: http://localhost:3000/reset-password?token=8fe50da418bef65d3dcf6255e9283ec2899f7c276114d5107f58ffd33d4a0692
Reset token generated for user 4: 8fe50da418bef65d3dcf6255e9283ec2899f7c276114d5107f58ffd33d4a0692
Script ended: 2025-05-08 13:36:41

Script started: 2025-05-08 13:36:48
REQUEST_METHOD: POST
Config file path: C:\Users\madli\AinoJump\backend\accounts/../database.php
Config file exists: Yes
Database class loaded
Database connected successfully
Raw input: {"email":"madlireiljan@gmail.com"}
Processing email: madlireiljan@gmail.com
Failed to send reset email to: madlireiljan@gmail.com
Email details:
To: madlireiljan@gmail.com
Subject: Password Reset for AinoJump
Content: Hello,

You have requested to reset your password. Please click the link below to set a new password:

http://localhost:3000/reset-password?token=53a3f9d15cf76f3ff607d9b52530faefd00730c7dd4ae30302ecac409de77e98

This link will expire in 24 hours.

If you did not request a password reset, please ignore this email.

Regards,
AinoJump Team
Reset link for development: http://localhost:3000/reset-password?token=53a3f9d15cf76f3ff607d9b52530faefd00730c7dd4ae30302ecac409de77e98
Reset token generated for user 4: 53a3f9d15cf76f3ff607d9b52530faefd00730c7dd4ae30302ecac409de77e98
Script ended: 2025-05-08 13:36:50

Script started: 2025-05-08 13:39:18
REQUEST_METHOD: POST
Config file path: C:\Users\madli\AinoJump\backend\accounts/../database.php
Config file exists: Yes
Database class loaded
Database connected successfully
Raw input: {"email":"madlireiljan@gmail.com"}
Processing email: madlireiljan@gmail.com
Failed to send reset email to: madlireiljan@gmail.com
Email details:
To: madlireiljan@gmail.com
Subject: Password Reset for AinoJump
Content: Hello,

You have requested to reset your password. Please click the link below to set a new password:

http://localhost:3000/reset-password?token=152941a485d7a06724bbf53219a9525374283d522257f0cd6a691fc04c2b2520

This link will expire in 24 hours.

If you did not request a password reset, please ignore this email.

Regards,
AinoJump Team
Reset link for development: http://localhost:3000/reset-password?token=152941a485d7a06724bbf53219a9525374283d522257f0cd6a691fc04c2b2520
Reset token generated for user 4: 152941a485d7a06724bbf53219a9525374283d522257f0cd6a691fc04c2b2520
Script ended: 2025-05-08 13:39:20

Script started: 2025-05-08 13:40:55
REQUEST_METHOD: POST
Config file path: C:\Users\madli\AinoJump\backend\accounts/../database.php
Config file exists: Yes
Database class loaded
Database connected successfully
Raw input: {"email":"madlireiljan@gmail.com"}
Processing email: madlireiljan@gmail.com
Failed to send reset email to: madlireiljan@gmail.com
Email details:
To: madlireiljan@gmail.com
Subject: Password Reset for AinoJump
Content: Hello,

You have requested to reset your password. Please click the link below to set a new password:

http://localhost:3000/reset-password?token=690ccc87e07b3e8786a614e0f8b1cb020806b485c97ba16865a21aace76bde6a

This link will expire in 24 hours.

If you did not request a password reset, please ignore this email.

Regards,
AinoJump Team
Reset link for development: http://localhost:3000/reset-password?token=690ccc87e07b3e8786a614e0f8b1cb020806b485c97ba16865a21aace76bde6a
Reset token generated for user 4: 690ccc87e07b3e8786a614e0f8b1cb020806b485c97ba16865a21aace76bde6a
Script ended: 2025-05-08 13:40:57

Reset script started: 2025-05-08 13:47:00
Config file path: C:\Users\madli\AinoJump\backend\accounts/../database.php
Database class loaded
Raw input: {"token":"690ccc87e07b3e8786a614e0f8b1cb020806b485c97ba16865a21aace76bde6a","password":"madlireiljan2"}
Processing token: 690ccc87e07b3e8786a614e0f8b1cb020806b485c97ba16865a21aace76bde6a
Valid token for user ID: 4
Password updated and token deleted
Script ended: 2025-05-08 13:47:00

